Determining if the pthread_create exist failed with the following output:
Change Dir: /home/pev/Documents/Rplidar_test/build/rplidar_ros/CMakeFiles/CMakeTmp

Run Build Command:"/usr/bin/make" "cmTC_d38f7/fast"
/usr/bin/make -f CMakeFiles/cmTC_d38f7.dir/build.make CMakeFiles/cmTC_d38f7.dir/build
make[1]: Entering directory '/home/pev/Documents/Rplidar_test/build/rplidar_ros/CMakeFiles/CMakeTmp'
Building C object CMakeFiles/cmTC_d38f7.dir/CheckSymbolExists.c.o
/usr/bin/cc    -o CMakeFiles/cmTC_d38f7.dir/CheckSymbolExists.c.o   -c /home/pev/Documents/Rplidar_test/build/rplidar_ros/CMakeFiles/CMakeTmp/CheckSymbolExists.c
Linking C executable cmTC_d38f7
/usr/bin/cmake -E cmake_link_script CMakeFiles/cmTC_d38f7.dir/link.txt --verbose=1
/usr/bin/cc      -rdynamic CMakeFiles/cmTC_d38f7.dir/CheckSymbolExists.c.o  -o cmTC_d38f7 
CMakeFiles/cmTC_d38f7.dir/CheckSymbolExists.c.o: In function `main':
CheckSymbolExists.c:(.text+0x1b): undefined reference to `pthread_create'
collect2: error: ld returned 1 exit status
CMakeFiles/cmTC_d38f7.dir/build.make:97: recipe for target 'cmTC_d38f7' failed
make[1]: *** [cmTC_d38f7] Error 1
make[1]: Leaving directory '/home/pev/Documents/Rplidar_test/build/rplidar_ros/CMakeFiles/CMakeTmp'
Makefile:126: recipe for target 'cmTC_d38f7/fast' failed
make: *** [cmTC_d38f7/fast] Error 2

File /home/pev/Documents/Rplidar_test/build/rplidar_ros/CMakeFiles/CMakeTmp/CheckSymbolExists.c:
/* */
#include <pthread.h>

int main(int argc, char** argv)
{
  (void)argv;
#ifndef pthread_create
  return ((int*)(&pthread_create))[argc];
#else
  (void)argc;
  return 0;
#endif
}

Determining if the function pthread_create exists in the pthreads failed with the following output:
Change Dir: /home/pev/Documents/Rplidar_test/build/rplidar_ros/CMakeFiles/CMakeTmp

Run Build Command:"/usr/bin/make" "cmTC_723ce/fast"
/usr/bin/make -f CMakeFiles/cmTC_723ce.dir/build.make CMakeFiles/cmTC_723ce.dir/build
make[1]: Entering directory '/home/pev/Documents/Rplidar_test/build/rplidar_ros/CMakeFiles/CMakeTmp'
Building C object CMakeFiles/cmTC_723ce.dir/CheckFunctionExists.c.o
/usr/bin/cc   -DCHECK_FUNCTION_EXISTS=pthread_create   -o CMakeFiles/cmTC_723ce.dir/CheckFunctionExists.c.o   -c /usr/share/cmake-3.10/Modules/CheckFunctionExists.c
Linking C executable cmTC_723ce
/usr/bin/cmake -E cmake_link_script CMakeFiles/cmTC_723ce.dir/link.txt --verbose=1
/usr/bin/cc  -DCHECK_FUNCTION_EXISTS=pthread_create    -rdynamic CMakeFiles/cmTC_723ce.dir/CheckFunctionExists.c.o  -o cmTC_723ce -lpthreads 
/usr/bin/ld: cannot find -lpthreads
collect2: error: ld returned 1 exit status
CMakeFiles/cmTC_723ce.dir/build.make:97: recipe for target 'cmTC_723ce' failed
make[1]: *** [cmTC_723ce] Error 1
make[1]: Leaving directory '/home/pev/Documents/Rplidar_test/build/rplidar_ros/CMakeFiles/CMakeTmp'
Makefile:126: recipe for target 'cmTC_723ce/fast' failed
make: *** [cmTC_723ce/fast] Error 2


